\BOOKMARK [0][-]{chapter.1}{Pr\351sentation g\351n\351rale}{}% 1
\BOOKMARK [1][-]{section.1.1}{Introduction}{chapter.1}% 2
\BOOKMARK [1][-]{section.1.2}{Garmir Khatch}{chapter.1}% 3
\BOOKMARK [2][-]{subsection.1.2.1}{Pr\351sentation}{section.1.2}% 4
\BOOKMARK [2][-]{subsection.1.2.2}{M\351tiers}{section.1.2}% 5
\BOOKMARK [1][-]{section.1.3}{Environnement du produit recherch\351}{chapter.1}% 6
\BOOKMARK [2][-]{subsection.1.3.1}{Listes exhaustives des \351l\351ments et contraintes}{section.1.3}% 7
\BOOKMARK [1][-]{section.1.4}{Caract\351ristiques pour chaque \351l\351ment de l'environnement}{chapter.1}% 8
\BOOKMARK [1][-]{section.1.5}{Objectifs}{chapter.1}% 9
\BOOKMARK [2][-]{subsection.1.5.1}{Finalit\351s}{section.1.5}% 10
\BOOKMARK [2][-]{subsection.1.5.2}{Esp\351rance de retour sur investissement}{section.1.5}% 11
\BOOKMARK [1][-]{section.1.6}{Contexte de r\351alisation}{chapter.1}% 12
\BOOKMARK [2][-]{subsection.1.6.1}{Situation du projet par rapport aux autres projets de l'entreprise}{section.1.6}% 13
\BOOKMARK [2][-]{subsection.1.6.2}{\311tudes d\351j\340 effectu\351es}{section.1.6}% 14
\BOOKMARK [2][-]{subsection.1.6.3}{Suites pr\351vues}{section.1.6}% 15
\BOOKMARK [2][-]{subsection.1.6.4}{Nature des prestations demand\351es}{section.1.6}% 16
\BOOKMARK [2][-]{subsection.1.6.5}{Parties concern\351es par le d\351roulement du projet et ses r\351sultats}{section.1.6}% 17
\BOOKMARK [2][-]{subsection.1.6.6}{Caract\350re confidentiel s'il y a lieu}{section.1.6}% 18
\BOOKMARK [1][-]{section.1.7}{\311nonc\351 du besoin}{chapter.1}% 19
\BOOKMARK [0][-]{chapter.2}{Expression fonctionnelle du besoin}{}% 20
\BOOKMARK [1][-]{section.2.1}{Fonctions de service et de contrainte}{chapter.2}% 21
\BOOKMARK [2][-]{subsection.2.1.1}{Fonctions de service principales}{section.2.1}% 22
\BOOKMARK [2][-]{subsection.2.1.2}{Fonctions de service compl\351mentaires}{section.2.1}% 23
\BOOKMARK [2][-]{subsection.2.1.3}{Contraintes}{section.2.1}% 24
\BOOKMARK [1][-]{section.2.2}{Crit\350res d'appr\351ciation}{chapter.2}% 25
\BOOKMARK [1][-]{section.2.3}{Niveaux des crit\350res d'appr\351ciation et ce qui les caract\351rise}{chapter.2}% 26
\BOOKMARK [2][-]{subsection.2.3.1}{Niveaux dont l'obtention est impos\351e}{section.2.3}% 27
\BOOKMARK [2][-]{subsection.2.3.2}{Niveaux souhait\351s mais r\351visables}{section.2.3}% 28
\BOOKMARK [0][-]{chapter.3}{Cadre de r\351ponse}{}% 29
\BOOKMARK [1][-]{section.3.1}{Pour chaque fonction}{chapter.3}% 30
\BOOKMARK [2][-]{subsection.3.1.1}{Solution propos\351e}{section.3.1}% 31
\BOOKMARK [2][-]{subsection.3.1.2}{Niveau atteint pour chaque crit\350re d'appr\351ciation de cette fonction et modalit\351s de contr\364le}{section.3.1}% 32
\BOOKMARK [2][-]{subsection.3.1.3}{Part du prix attribu\351 \340 chaque fonction}{section.3.1}% 33
\BOOKMARK [1][-]{section.3.2}{Pour l'ensemble du produit}{chapter.3}% 34
\BOOKMARK [2][-]{subsection.3.2.1}{Prix de la r\351alisation de la version de base}{section.3.2}% 35
\BOOKMARK [2][-]{subsection.3.2.2}{Options et variantes propos\351es non retenues au cahier des charges}{section.3.2}% 36
\BOOKMARK [2][-]{subsection.3.2.3}{Mesures prises pour respecter les contraintes et leurs cons\351quences \351conomiques}{section.3.2}% 37
\BOOKMARK [2][-]{subsection.3.2.4}{Outils d'installation, de maintenance ... \340 pr\351voir}{section.3.2}% 38
\BOOKMARK [2][-]{subsection.3.2.5}{D\351composition en modules, sous-ensembles}{section.3.2}% 39
\BOOKMARK [2][-]{subsection.3.2.6}{Pr\351visions de fiabilit\351}{section.3.2}% 40
\BOOKMARK [2][-]{subsection.3.2.7}{Perspectives d'\351volution technologique}{section.3.2}% 41
